Arguments: 
  C:\Program Files\nodejs\node.exe C:\Program\node_modules\yarn\bin\yarn.js

PATH: 
  C:\WINDOWS\system32;C:\WINDOWS;C:\WINDOWS\System32\Wbem;C:\WINDOWS\System32\WindowsPowerShell\v1.0\;C:\WINDOWS\System32\OpenSSH\;C:\Program Files\Git\cmd;C:\Program Files\TortoiseSVN\bin;C:\Program Files\nodejs\node_global;C:\Program Files\nodejs\;C:\Program Files\VisualSVN Server\bin;C:\Program\node_modules\hexo-cli\bin\;C:\Program\node_modules\yarn\bin;C:\Program Files (x86)\Yarn\bin\;C:\Program Files\MySQL\MySQL Shell 8.0\bin\;C:\Users\Administrator\AppData\Local\Microsoft\WindowsApps;C:\Users\Administrator\AppData\Local\Programs\Microsoft VS Code\bin;C:\Program Files\Bandizip\;C:\Users\Administrator\AppData\Roaming\npm;C:\Users\Administrator\AppData\Local\Yarn\bin

Yarn version: 
  1.22.10

Node version: 
  12.16.2

Platform: 
  win32 x64

Trace: 
  Error: https://registry.yarnpkg.com/xlsx/-/xlsx-0.16.9.tgz: unexpected end of file
      at Zlib.zlibOnError [as onerror] (zlib.js:180:17)

npm manifest: 
  {
    "name": "chexcel",
    "version": "1.0.0",
    "description": "",
    "main": "webpack.config.js",
    "scripts": {
      "test": "echo \"Error: no test specified\" && exit 1"
    },
    "keywords": [],
    "author": "",
    "license": "ISC",
    "devDependencies": {
      "@babel/plugin-transform-runtime": "^7.11.5",
      "babel-plugin-transform-runtime": "^6.23.0",
      "webpack": "^4.35.3",
      "webpack-cli": "^3.3.5"
    },
    "dependencies": {
      "@babel/core": "^7.11.6",
      "@babel/preset-env": "^7.11.5",
      "@babel/runtime": "^7.11.2",
      "babel-loader": "^8.0.0-beta.0",
      "xlsx": "^0.16.8"
    }
  }

yarn manifest: 
  No manifest

Lockfile: 
  No lockfile
